<?xml version="1.0" encoding="UTF-8"?>
<!-- Generated by org.testng.reporters.JUnitReportReporter -->
<testsuite hostname="DESKTOP-6M9GUQS" failures="0" tests="10" name="mavn.Selenium.functionalTest.InnovocationCount" time="0.048" errors="0" timestamp="21 Jul 2020 17:09:03 GMT" skipped="0">
  <testcase classname="mavn.Selenium.functionalTest.InnovocationCount" name="test" time="0.011"/>
  <testcase classname="mavn.Selenium.functionalTest.InnovocationCount" name="test" time="0.003"/>
  <testcase classname="mavn.Selenium.functionalTest.InnovocationCount" name="test" time="0.002"/>
  <testcase classname="mavn.Selenium.functionalTest.InnovocationCount" name="test" time="0.002"/>
  <testcase classname="mavn.Selenium.functionalTest.InnovocationCount" name="test" time="0.004"/>
  <testcase classname="mavn.Selenium.functionalTest.InnovocationCount" name="test" time="0.002"/>
  <testcase classname="mavn.Selenium.functionalTest.InnovocationCount" name="test" time="0.002"/>
  <testcase classname="mavn.Selenium.functionalTest.InnovocationCount" name="test" time="0.005"/>
  <testcase classname="mavn.Selenium.functionalTest.InnovocationCount" name="test" time="0.011"/>
  <testcase classname="mavn.Selenium.functionalTest.InnovocationCount" name="test" time="0.006"/>
</testsuite> <!-- mavn.Selenium.functionalTest.InnovocationCount -->
