<?xml version="1.0" encoding="UTF-8"?>
<!-- Generated by org.testng.reporters.JUnitReportReporter -->
<testsuite hostname="DESKTOP-6M9GUQS" failures="0" tests="2" name="mavn.Selenium.functionalTest.Groups" time="0.020" errors="0" timestamp="21 Jul 2020 17:20:19 GMT" skipped="0">
  <testcase classname="mavn.Selenium.functionalTest.Groups" name="login" time="0.002"/>
  <testcase classname="mavn.Selenium.functionalTest.Groups" name="endtoEnd" time="0.018"/>
</testsuite> <!-- mavn.Selenium.functionalTest.Groups -->
